  Tetris.cpp
D:\Projects Visual Studio Code 2022\Tetris3\Tetris3\Tetris.cpp(105,25): warning C4244: аргумент: преобразование "time_t" в "unsigned int", возможна потеря данных
D:\Projects Visual Studio Code 2022\Tetris3\Tetris3\Tetris.cpp(256,63): warning C4244: аргумент: преобразование "int" в "float", возможна потеря данных
D:\Projects Visual Studio Code 2022\Tetris3\Tetris3\Tetris.cpp(256,46): warning C4244: аргумент: преобразование "int" в "float", возможна потеря данных
D:\Projects Visual Studio Code 2022\Tetris3\Tetris3\Tetris.cpp(295,35): warning C4244: аргумент: преобразование "int" в "float", возможна потеря данных
D:\Projects Visual Studio Code 2022\Tetris3\Tetris3\Tetris.cpp(295,32): warning C4244: аргумент: преобразование "int" в "float", возможна потеря данных
D:\Projects Visual Studio Code 2022\Tetris3\Tetris3\Tetris.cpp(305,45): warning C4244: аргумент: преобразование "int" в "float", возможна потеря данных
D:\Projects Visual Studio Code 2022\Tetris3\Tetris3\Tetris.cpp(305,37): warning C4244: аргумент: преобразование "int" в "float", возможна потеря данных
D:\Projects Visual Studio Code 2022\Tetris3\Tetris3\Tetris.cpp(333,66): warning C4244: аргумент: преобразование "int" в "float", возможна потеря данных
D:\Projects Visual Studio Code 2022\Tetris3\Tetris3\Tetris.cpp(333,51): warning C4244: аргумент: преобразование "double" в "float", возможна потеря данных
D:\Projects Visual Studio Code 2022\Tetris3\Tetris3\Tetris.cpp(336,66): warning C4244: аргумент: преобразование "int" в "float", возможна потеря данных
D:\Projects Visual Studio Code 2022\Tetris3\Tetris3\Tetris.cpp(336,51): warning C4244: аргумент: преобразование "double" в "float", возможна потеря данных
D:\Projects Visual Studio Code 2022\Tetris3\Tetris3\Tetris.cpp(339,68): warning C4244: аргумент: преобразование "double" в "float", возможна потеря данных
D:\Projects Visual Studio Code 2022\Tetris3\Tetris3\Tetris.cpp(339,51): warning C4244: аргумент: преобразование "double" в "float", возможна потеря данных
D:\Projects Visual Studio Code 2022\Tetris3\Tetris3\Tetris.cpp(342,68): warning C4244: аргумент: преобразование "double" в "float", возможна потеря данных
D:\Projects Visual Studio Code 2022\Tetris3\Tetris3\Tetris.cpp(342,51): warning C4244: аргумент: преобразование "double" в "float", возможна потеря данных
D:\Projects Visual Studio Code 2022\Tetris3\Tetris3\Tetris.cpp(345,68): warning C4244: аргумент: преобразование "double" в "float", возможна потеря данных
D:\Projects Visual Studio Code 2022\Tetris3\Tetris3\Tetris.cpp(345,51): warning C4244: аргумент: преобразование "double" в "float", возможна потеря данных
D:\Projects Visual Studio Code 2022\Tetris3\Tetris3\Tetris.cpp(348,68): warning C4244: аргумент: преобразование "double" в "float", возможна потеря данных
D:\Projects Visual Studio Code 2022\Tetris3\Tetris3\Tetris.cpp(348,51): warning C4244: аргумент: преобразование "double" в "float", возможна потеря данных
D:\Projects Visual Studio Code 2022\Tetris3\Tetris3\Tetris.cpp(351,68): warning C4244: аргумент: преобразование "double" в "float", возможна потеря данных
D:\Projects Visual Studio Code 2022\Tetris3\Tetris3\Tetris.cpp(351,51): warning C4244: аргумент: преобразование "double" в "float", возможна потеря данных
D:\Projects Visual Studio Code 2022\Tetris3\Tetris3\Tetris.cpp(390,16): warning C4267: инициализация: преобразование из "size_t" в "int"; возможна потеря данных
D:\Projects Visual Studio Code 2022\Tetris3\Tetris3\Tetris.cpp(403,35): warning C4305: +=: усечение из "double" в "float"
D:\Projects Visual Studio Code 2022\Tetris3\Tetris3\Tetris.cpp(420,22): warning C4267: =: преобразование из "size_t" в "int"; возможна потеря данных
  Создание кода
  5 of 647 functions ( 0.8%) were compiled, the rest were copied from previous compilation.
    0 functions were new in current compilation
    1 functions had inline decision re-evaluated but remain unchanged
  Создание кода завершено
  Tetris3.vcxproj -> D:\Projects Visual Studio Code 2022\Tetris3\x64\Release\Tetris3.exe
